<?xml version="1.0" encoding="UTF-8"?>
<testng-results ignored="0" total="1" passed="1" failed="0" skipped="0">
  <reporter-output>
  </reporter-output>
  <suite started-at="2024-07-26T14:41:01 IST" name="Default suite" finished-at="2024-07-26T14:41:31 IST" duration-ms="30189">
    <groups>
    </groups>
    <test started-at="2024-07-26T14:41:01 IST" name="Default test" finished-at="2024-07-26T14:41:31 IST" duration-ms="30189">
      <class name="com.itlearn360.testcases.TC005_PaymentTestCase">
        <test-method is-config="true" signature="setUp()[pri:0, instance:com.itlearn360.testcases.TC005_PaymentTestCase@2e377400]" started-at="2024-07-26T14:41:01 IST" name="setUp" finished-at="2024-07-26T14:41:09 IST" duration-ms="8736" status="PASS">
          <reporter-output>
          </reporter-output>
        </test-method> <!-- setUp -->
        <test-method signature="paymnetTest()[pri:1, instance:com.itlearn360.testcases.TC005_PaymentTestCase@2e377400]" started-at="2024-07-26T14:41:09 IST" name="paymnetTest" finished-at="2024-07-26T14:41:30 IST" duration-ms="20441" status="PASS">
          <reporter-output>
          </reporter-output>
        </test-method> <!-- paymnetTest -->
        <test-method is-config="true" signature="tearDown()[pri:0, instance:com.itlearn360.testcases.TC005_PaymentTestCase@2e377400]" started-at="2024-07-26T14:41:30 IST" name="tearDown" finished-at="2024-07-26T14:41:31 IST" duration-ms="938" status="PASS">
          <reporter-output>
          </reporter-output>
        </test-method> <!-- tearDown -->
      </class> <!-- com.itlearn360.testcases.TC005_PaymentTestCase -->
    </test> <!-- Default test -->
  </suite> <!-- Default suite -->
</testng-results>
